[debug] [2019-11-14T13:14:22.102Z] ----------------------------------------------------------------------
[debug] [2019-11-14T13:14:22.104Z] Command:       C:\Program Files\nodejs\node.exe C:\Users\Bosz\AppData\Roaming\npm\node_modules\firebase-tools\lib\bin\firebase.js projects:create
[debug] [2019-11-14T13:14:22.105Z] CLI Version:   7.7.0
[debug] [2019-11-14T13:14:22.105Z] Platform:      win32
[debug] [2019-11-14T13:14:22.105Z] Node Version:  v11.10.0
[debug] [2019-11-14T13:14:22.105Z] Time:          Thu Nov 14 2019 14:14:22 GMT+0100 (Central European Standard Time)
[debug] [2019-11-14T13:14:22.105Z] ----------------------------------------------------------------------
[debug] [2019-11-14T13:14:22.105Z] 
[debug] [2019-11-14T13:14:22.111Z] > command requires scopes: ["email","openid","https://www.googleapis.com/auth/cloudplatformprojects.readonly","https://www.googleapis.com/auth/firebase","https://www.googleapis.com/auth/cloud-platform"]
[debug] [2019-11-14T13:14:22.111Z] > authorizing via signed-in user
[debug] [2019-11-14T13:14:48.897Z] >>> HTTP REQUEST POST https://cloudresourcemanager.googleapis.com/v1/projects  

[debug] [2019-11-14T13:14:49.936Z] <<< HTTP RESPONSE 200
[debug] [2019-11-14T13:14:49.938Z] >>> HTTP REQUEST GET https://cloudresourcemanager.googleapis.com/v1/operations/cp.8243899273472193545  
 
[debug] [2019-11-14T13:14:50.976Z] <<< HTTP RESPONSE 200
[debug] [2019-11-14T13:14:50.977Z] Callers must accept Terms of Service
[debug] [2019-11-14T13:14:51.078Z] FirebaseError: Callers must accept Terms of Service
    at OperationPoller.<anonymous> (C:\Users\Bosz\AppData\Roaming\npm\node_modules\firebase-tools\lib\operation-poller.js:31:23)
    at Generator.next (<anonymous>)
    at fulfilled (C:\Users\Bosz\AppData\Roaming\npm\node_modules\firebase-tools\lib\operation-poller.js:4:58)
    at processTicksAndRejections (internal/process/next_tick.js:81:5)
[error] 
[error] Error: Failed to create Google Cloud project. See firebase-debug.log for more info.
